{"/Users/yagnesh.modh/Projects/zeolearn_styker/src/app.js": {"path":"/Users/yagnesh.modh/Projects/zeolearn_styker/src/app.js","statementMap":{"0":{"start":{"line":4,"column":12},"end":{"line":6,"column":1}},"1":{"start":{"line":5,"column":2},"end":{"line":5,"column":18}}},"fnMap":{"0":{"name":"(anonymous_0)","decl":{"start":{"line":4,"column":12},"end":{"line":4,"column":13}},"loc":{"start":{"line":4,"column":18},"end":{"line":6,"column":1}},"line":4}},"branchMap":{},"s":{"0":0,"1":0},"f":{"0":0},"b":{},"hash":"5d1578ea8768a156cd8945188926f888a0189ac6"}
,"/Users/yagnesh.modh/Projects/zeolearn_styker/src/index.js": {"path":"/Users/yagnesh.modh/Projects/zeolearn_styker/src/index.js","statementMap":{"0":{"start":{"line":7,"column":0},"end":{"line":12,"column":2}}},"fnMap":{},"branchMap":{},"s":{"0":0},"f":{},"b":{},"hash":"965ad2c2bcdc20a793f5c6b0095c1e9206e17466"}
,"/Users/yagnesh.modh/Projects/zeolearn_styker/src/theme.js": {"path":"/Users/yagnesh.modh/Projects/zeolearn_styker/src/theme.js","statementMap":{},"fnMap":{},"branchMap":{},"s":{},"f":{},"b":{},"_coverageSchema":"43e27e138ebf9cfc5966b082cf9a028302ed4184","hash":"9f62f991e7eec7d3d13d5188b36cdfcf0caae687"}
,"/Users/yagnesh.modh/Projects/zeolearn_styker/src/components/ErrorBoundary.js": {"path":"/Users/yagnesh.modh/Projects/zeolearn_styker/src/components/ErrorBoundary.js","statementMap":{"0":{"start":{"line":6,"column":10},"end":{"line":8,"column":3}},"1":{"start":{"line":10,"column":36},"end":{"line":14,"column":3}},"2":{"start":{"line":11,"column":4},"end":{"line":13,"column":6}},"3":{"start":{"line":17,"column":4},"end":{"line":17,"column":23}},"4":{"start":{"line":18,"column":4},"end":{"line":18,"column":22}},"5":{"start":{"line":22,"column":25},"end":{"line":22,"column":35}},"6":{"start":{"line":23,"column":25},"end":{"line":23,"column":35}},"7":{"start":{"line":24,"column":4},"end":{"line":26,"column":5}},"8":{"start":{"line":25,"column":6},"end":{"line":25,"column":49}},"9":{"start":{"line":27,"column":4},"end":{"line":27,"column":20}}},"fnMap":{"0":{"name":"(anonymous_0)","decl":{"start":{"line":10,"column":36},"end":{"line":10,"column":37}},"loc":{"start":{"line":10,"column":45},"end":{"line":14,"column":3}},"line":10},"1":{"name":"(anonymous_1)","decl":{"start":{"line":16,"column":2},"end":{"line":16,"column":3}},"loc":{"start":{"line":16,"column":33},"end":{"line":19,"column":3}},"line":16},"2":{"name":"(anonymous_2)","decl":{"start":{"line":21,"column":2},"end":{"line":21,"column":3}},"loc":{"start":{"line":21,"column":11},"end":{"line":28,"column":3}},"line":21}},"branchMap":{"0":{"loc":{"start":{"line":24,"column":4},"end":{"line":26,"column":5}},"type":"if","locations":[{"start":{"line":24,"column":4},"end":{"line":26,"column":5}},{"start":{"line":24,"column":4},"end":{"line":26,"column":5}}],"line":24}},"s":{"0":0,"1":0,"2":0,"3":0,"4":0,"5":0,"6":0,"7":0,"8":0,"9":0},"f":{"0":0,"1":0,"2":0},"b":{"0":[0,0]},"hash":"0583b4d0acffae133384104fd4a9127319b677b4"}
,"/Users/yagnesh.modh/Projects/zeolearn_styker/src/components/button/Button.js": {"path":"/Users/yagnesh.modh/Projects/zeolearn_styker/src/components/button/Button.js","statementMap":{"0":{"start":{"line":6,"column":15},"end":{"line":12,"column":1}},"1":{"start":{"line":7,"column":2},"end":{"line":11,"column":4}},"2":{"start":{"line":14,"column":0},"end":{"line":16,"column":2}}},"fnMap":{"0":{"name":"(anonymous_0)","decl":{"start":{"line":6,"column":15},"end":{"line":6,"column":16}},"loc":{"start":{"line":6,"column":43},"end":{"line":12,"column":1}},"line":6}},"branchMap":{},"s":{"0":1,"1":0,"2":1},"f":{"0":0},"b":{},"_coverageSchema":"43e27e138ebf9cfc5966b082cf9a028302ed4184","hash":"8912a341ea953c6e7abeb8f9f532c2d31e81e89a"}
,"/Users/yagnesh.modh/Projects/zeolearn_styker/src/components/button/styles.js": {"path":"/Users/yagnesh.modh/Projects/zeolearn_styker/src/components/button/styles.js","statementMap":{"0":{"start":{"line":3,"column":14},"end":{"line":11,"column":1}}},"fnMap":{},"branchMap":{},"s":{"0":1},"f":{},"b":{},"_coverageSchema":"43e27e138ebf9cfc5966b082cf9a028302ed4184","hash":"2bdfbb640310c071cbc4fb3591d1d99384f85ab3"}
,"/Users/yagnesh.modh/Projects/zeolearn_styker/src/components/footer/Footer.js": {"path":"/Users/yagnesh.modh/Projects/zeolearn_styker/src/components/footer/Footer.js","statementMap":{"0":{"start":{"line":5,"column":15},"end":{"line":28,"column":1}},"1":{"start":{"line":6,"column":2},"end":{"line":27,"column":4}},"2":{"start":{"line":10,"column":23},"end":{"line":10,"column":38}},"3":{"start":{"line":16,"column":23},"end":{"line":16,"column":42}},"4":{"start":{"line":22,"column":23},"end":{"line":22,"column":44}},"5":{"start":{"line":30,"column":0},"end":{"line":33,"column":2}}},"fnMap":{"0":{"name":"(anonymous_0)","decl":{"start":{"line":5,"column":15},"end":{"line":5,"column":16}},"loc":{"start":{"line":5,"column":41},"end":{"line":28,"column":1}},"line":5},"1":{"name":"(anonymous_1)","decl":{"start":{"line":10,"column":17},"end":{"line":10,"column":18}},"loc":{"start":{"line":10,"column":23},"end":{"line":10,"column":38}},"line":10},"2":{"name":"(anonymous_2)","decl":{"start":{"line":16,"column":17},"end":{"line":16,"column":18}},"loc":{"start":{"line":16,"column":23},"end":{"line":16,"column":42}},"line":16},"3":{"name":"(anonymous_3)","decl":{"start":{"line":22,"column":17},"end":{"line":22,"column":18}},"loc":{"start":{"line":22,"column":23},"end":{"line":22,"column":44}},"line":22}},"branchMap":{"0":{"loc":{"start":{"line":9,"column":43},"end":{"line":9,"column":77}},"type":"cond-expr","locations":[{"start":{"line":9,"column":62},"end":{"line":9,"column":69}},{"start":{"line":9,"column":72},"end":{"line":9,"column":77}}],"line":9},"1":{"loc":{"start":{"line":15,"column":43},"end":{"line":15,"column":81}},"type":"cond-expr","locations":[{"start":{"line":15,"column":66},"end":{"line":15,"column":73}},{"start":{"line":15,"column":76},"end":{"line":15,"column":81}}],"line":15},"2":{"loc":{"start":{"line":21,"column":43},"end":{"line":21,"column":83}},"type":"cond-expr","locations":[{"start":{"line":21,"column":68},"end":{"line":21,"column":75}},{"start":{"line":21,"column":78},"end":{"line":21,"column":83}}],"line":21}},"s":{"0":1,"1":0,"2":0,"3":0,"4":0,"5":1},"f":{"0":0,"1":0,"2":0,"3":0},"b":{"0":[0,0],"1":[0,0],"2":[0,0]},"_coverageSchema":"43e27e138ebf9cfc5966b082cf9a028302ed4184","hash":"6a107fcd8d58390d99b223d78e76eb3a99319bda"}
,"/Users/yagnesh.modh/Projects/zeolearn_styker/src/components/form/Form.js": {"path":"/Users/yagnesh.modh/Projects/zeolearn_styker/src/components/form/Form.js","statementMap":{"0":{"start":{"line":10,"column":9},"end":{"line":10,"column":11}},"1":{"start":{"line":12,"column":21},"end":{"line":14,"column":3}},"2":{"start":{"line":16,"column":12},"end":{"line":21,"column":3}},"3":{"start":{"line":17,"column":4},"end":{"line":17,"column":23}},"4":{"start":{"line":18,"column":26},"end":{"line":18,"column":36}},"5":{"start":{"line":19,"column":4},"end":{"line":19,"column":36}},"6":{"start":{"line":20,"column":4},"end":{"line":20,"column":30}},"7":{"start":{"line":24,"column":4},"end":{"line":44,"column":6}},"8":{"start":{"line":29,"column":14},"end":{"line":29,"column":35}}},"fnMap":{"0":{"name":"(anonymous_0)","decl":{"start":{"line":16,"column":12},"end":{"line":16,"column":13}},"loc":{"start":{"line":16,"column":17},"end":{"line":21,"column":3}},"line":16},"1":{"name":"(anonymous_1)","decl":{"start":{"line":23,"column":2},"end":{"line":23,"column":3}},"loc":{"start":{"line":23,"column":11},"end":{"line":45,"column":3}},"line":23},"2":{"name":"(anonymous_2)","decl":{"start":{"line":28,"column":24},"end":{"line":28,"column":25}},"loc":{"start":{"line":28,"column":31},"end":{"line":30,"column":13}},"line":28}},"branchMap":{},"s":{"0":0,"1":1,"2":0,"3":0,"4":0,"5":0,"6":0,"7":0,"8":0},"f":{"0":0,"1":0,"2":0},"b":{},"_coverageSchema":"43e27e138ebf9cfc5966b082cf9a028302ed4184","hash":"0194649b4c2ca4911cb6fa27b94a494e693f9859"}
,"/Users/yagnesh.modh/Projects/zeolearn_styker/src/components/form/styles.js": {"path":"/Users/yagnesh.modh/Projects/zeolearn_styker/src/components/form/styles.js","statementMap":{"0":{"start":{"line":3,"column":14},"end":{"line":10,"column":1}}},"fnMap":{},"branchMap":{},"s":{"0":1},"f":{},"b":{},"_coverageSchema":"43e27e138ebf9cfc5966b082cf9a028302ed4184","hash":"4851da0f759018c4735a48b66e9b997f0827486e"}
,"/Users/yagnesh.modh/Projects/zeolearn_styker/src/components/header/Header.js": {"path":"/Users/yagnesh.modh/Projects/zeolearn_styker/src/components/header/Header.js","statementMap":{"0":{"start":{"line":5,"column":15},"end":{"line":11,"column":1}},"1":{"start":{"line":6,"column":2},"end":{"line":10,"column":4}},"2":{"start":{"line":13,"column":0},"end":{"line":15,"column":2}}},"fnMap":{"0":{"name":"(anonymous_0)","decl":{"start":{"line":5,"column":15},"end":{"line":5,"column":16}},"loc":{"start":{"line":5,"column":30},"end":{"line":11,"column":1}},"line":5}},"branchMap":{},"s":{"0":1,"1":0,"2":1},"f":{"0":0},"b":{},"_coverageSchema":"43e27e138ebf9cfc5966b082cf9a028302ed4184","hash":"a6c5e64a9731ed478f94db26754456e259d7aae6"}
,"/Users/yagnesh.modh/Projects/zeolearn_styker/src/components/header/style.js": {"path":"/Users/yagnesh.modh/Projects/zeolearn_styker/src/components/header/style.js","statementMap":{"0":{"start":{"line":3,"column":14},"end":{"line":12,"column":1}}},"fnMap":{},"branchMap":{},"s":{"0":1},"f":{},"b":{},"_coverageSchema":"43e27e138ebf9cfc5966b082cf9a028302ed4184","hash":"600ea80ee6ca63f47c5e609d3b66bea8af542f7a"}
,"/Users/yagnesh.modh/Projects/zeolearn_styker/src/components/list/List.js": {"path":"/Users/yagnesh.modh/Projects/zeolearn_styker/src/components/list/List.js","statementMap":{"0":{"start":{"line":5,"column":13},"end":{"line":19,"column":1}},"1":{"start":{"line":6,"column":2},"end":{"line":18,"column":4}},"2":{"start":{"line":9,"column":8},"end":{"line":15,"column":14}},"3":{"start":{"line":10,"column":71},"end":{"line":10,"column":93}},"4":{"start":{"line":12,"column":33},"end":{"line":12,"column":51}},"5":{"start":{"line":21,"column":0},"end":{"line":31,"column":2}}},"fnMap":{"0":{"name":"(anonymous_0)","decl":{"start":{"line":5,"column":13},"end":{"line":5,"column":14}},"loc":{"start":{"line":5,"column":60},"end":{"line":19,"column":1}},"line":5},"1":{"name":"(anonymous_1)","decl":{"start":{"line":8,"column":17},"end":{"line":8,"column":18}},"loc":{"start":{"line":9,"column":8},"end":{"line":15,"column":14}},"line":9},"2":{"name":"(anonymous_2)","decl":{"start":{"line":10,"column":65},"end":{"line":10,"column":66}},"loc":{"start":{"line":10,"column":71},"end":{"line":10,"column":93}},"line":10},"3":{"name":"(anonymous_3)","decl":{"start":{"line":12,"column":27},"end":{"line":12,"column":28}},"loc":{"start":{"line":12,"column":33},"end":{"line":12,"column":51}},"line":12}},"branchMap":{},"s":{"0":1,"1":0,"2":0,"3":0,"4":0,"5":1},"f":{"0":0,"1":0,"2":0,"3":0},"b":{},"_coverageSchema":"43e27e138ebf9cfc5966b082cf9a028302ed4184","hash":"b89d8b249dc3aea6b0b308df2207e7e4bb19f1b7"}
,"/Users/yagnesh.modh/Projects/zeolearn_styker/src/components/textInput/TextInput.js": {"path":"/Users/yagnesh.modh/Projects/zeolearn_styker/src/components/textInput/TextInput.js","statementMap":{"0":{"start":{"line":6,"column":18},"end":{"line":9,"column":1}},"1":{"start":{"line":8,"column":2},"end":{"line":8,"column":89}},"2":{"start":{"line":11,"column":0},"end":{"line":15,"column":2}}},"fnMap":{"0":{"name":"(anonymous_0)","decl":{"start":{"line":6,"column":18},"end":{"line":6,"column":19}},"loc":{"start":{"line":6,"column":55},"end":{"line":9,"column":1}},"line":6}},"branchMap":{},"s":{"0":1,"1":0,"2":1},"f":{"0":0},"b":{},"_coverageSchema":"43e27e138ebf9cfc5966b082cf9a028302ed4184","hash":"d4e69e2ba5f11322d93840d2f0dce59fd1fdb5a1"}
,"/Users/yagnesh.modh/Projects/zeolearn_styker/src/components/textInput/styles.js": {"path":"/Users/yagnesh.modh/Projects/zeolearn_styker/src/components/textInput/styles.js","statementMap":{"0":{"start":{"line":3,"column":14},"end":{"line":9,"column":1}}},"fnMap":{},"branchMap":{},"s":{"0":1},"f":{},"b":{},"_coverageSchema":"43e27e138ebf9cfc5966b082cf9a028302ed4184","hash":"1b30c6f5c0978d77c29a0041dcf4dcaa5b69b672"}
,"/Users/yagnesh.modh/Projects/zeolearn_styker/src/screen/todo/Todo.js": {"path":"/Users/yagnesh.modh/Projects/zeolearn_styker/src/screen/todo/Todo.js","statementMap":{"0":{"start":{"line":9,"column":10},"end":{"line":12,"column":3}},"1":{"start":{"line":14,"column":14},"end":{"line":19,"column":3}},"2":{"start":{"line":15,"column":22},"end":{"line":15,"column":32}},"3":{"start":{"line":16,"column":4},"end":{"line":18,"column":7}},"4":{"start":{"line":21,"column":21},"end":{"line":34,"column":3}},"5":{"start":{"line":22,"column":22},"end":{"line":22,"column":32}},"6":{"start":{"line":23,"column":18},"end":{"line":23,"column":56}},"7":{"start":{"line":23,"column":39},"end":{"line":23,"column":55}},"8":{"start":{"line":24,"column":4},"end":{"line":33,"column":7}},"9":{"start":{"line":36,"column":17},"end":{"line":40,"column":3}},"10":{"start":{"line":37,"column":22},"end":{"line":37,"column":32}},"11":{"start":{"line":38,"column":25},"end":{"line":38,"column":60}},"12":{"start":{"line":38,"column":43},"end":{"line":38,"column":59}},"13":{"start":{"line":39,"column":4},"end":{"line":39,"column":43}},"14":{"start":{"line":42,"column":13},"end":{"line":44,"column":3}},"15":{"start":{"line":43,"column":4},"end":{"line":43,"column":30}},"16":{"start":{"line":47,"column":30},"end":{"line":47,"column":40}},"17":{"start":{"line":49,"column":26},"end":{"line":58,"column":6}},"18":{"start":{"line":50,"column":6},"end":{"line":57,"column":7}},"19":{"start":{"line":52,"column":10},"end":{"line":52,"column":27}},"20":{"start":{"line":54,"column":10},"end":{"line":54,"column":26}},"21":{"start":{"line":56,"column":10},"end":{"line":56,"column":22}},"22":{"start":{"line":60,"column":4},"end":{"line":81,"column":6}}},"fnMap":{"0":{"name":"(anonymous_0)","decl":{"start":{"line":14,"column":14},"end":{"line":14,"column":15}},"loc":{"start":{"line":14,"column":22},"end":{"line":19,"column":3}},"line":14},"1":{"name":"(anonymous_1)","decl":{"start":{"line":21,"column":21},"end":{"line":21,"column":22}},"loc":{"start":{"line":21,"column":29},"end":{"line":34,"column":3}},"line":21},"2":{"name":"(anonymous_2)","decl":{"start":{"line":23,"column":34},"end":{"line":23,"column":35}},"loc":{"start":{"line":23,"column":39},"end":{"line":23,"column":55}},"line":23},"3":{"name":"(anonymous_3)","decl":{"start":{"line":36,"column":17},"end":{"line":36,"column":18}},"loc":{"start":{"line":36,"column":25},"end":{"line":40,"column":3}},"line":36},"4":{"name":"(anonymous_4)","decl":{"start":{"line":38,"column":38},"end":{"line":38,"column":39}},"loc":{"start":{"line":38,"column":43},"end":{"line":38,"column":59}},"line":38},"5":{"name":"(anonymous_5)","decl":{"start":{"line":42,"column":13},"end":{"line":42,"column":14}},"loc":{"start":{"line":42,"column":23},"end":{"line":44,"column":3}},"line":42},"6":{"name":"(anonymous_6)","decl":{"start":{"line":46,"column":2},"end":{"line":46,"column":3}},"loc":{"start":{"line":46,"column":11},"end":{"line":82,"column":3}},"line":46},"7":{"name":"(anonymous_7)","decl":{"start":{"line":49,"column":39},"end":{"line":49,"column":40}},"loc":{"start":{"line":49,"column":44},"end":{"line":58,"column":5}},"line":49}},"branchMap":{"0":{"loc":{"start":{"line":50,"column":6},"end":{"line":57,"column":7}},"type":"switch","locations":[{"start":{"line":51,"column":8},"end":{"line":52,"column":27}},{"start":{"line":53,"column":8},"end":{"line":54,"column":26}},{"start":{"line":55,"column":8},"end":{"line":56,"column":22}}],"line":50}},"s":{"0":1,"1":1,"2":0,"3":0,"4":1,"5":0,"6":0,"7":0,"8":0,"9":1,"10":0,"11":0,"12":0,"13":0,"14":1,"15":0,"16":1,"17":1,"18":0,"19":0,"20":0,"21":0,"22":1},"f":{"0":0,"1":0,"2":0,"3":0,"4":0,"5":0,"6":1,"7":0},"b":{"0":[0,0,0]},"_coverageSchema":"43e27e138ebf9cfc5966b082cf9a028302ed4184","hash":"0c748690725fcd563c22c9b4d88a2197e3fbb3bd"}
,"/Users/yagnesh.modh/Projects/zeolearn_styker/src/screen/todo/styles.js": {"path":"/Users/yagnesh.modh/Projects/zeolearn_styker/src/screen/todo/styles.js","statementMap":{},"fnMap":{},"branchMap":{},"s":{},"f":{},"b":{},"hash":"8dc05602495d66b782e57c8d2aa740f7a3e51e30"}
}
